<?xml version="1.0" encoding="UTF-8"?>
<!-- Generated by org.testng.reporters.JUnitXMLReporter -->
<testsuite ignored="0" hostname="DESKTOP-QQJINFP" failures="0" tests="4" name="Test" time="6.205" errors="0" timestamp="2023-01-25T21:31:22 ART">
  <testcase classname="pruebas.Clase5cTest" name="login" time="1.906"/>
  <testcase classname="pruebas.Clase5cTest" name="login" time="1.448"/>
  <testcase classname="pruebas.Clase5cTest" name="login" time="1.414"/>
  <testcase classname="pruebas.Clase5cTest" name="login" time="1.405"/>
</testsuite> <!-- Test -->
